locktime,12
check ct,138
prepare remote,172
copy file system,9943
dump,58
copy dump file,159
prepare remote ct,90
resume time,8
totaltime,10580
Resuming...

        Suspend + Dump:   0.06
   Pcopy after suspend:   0.07
        Copy dump file:   0.05
       Undump + Resume:   0.21
                        ------
  Total suspended time:   0.39

locktime,9
check ct,129
prepare remote,159
copy file system,4538
dump,87
copy dump file,168
prepare remote ct,170
resume time,7
totaltime,5267
Resuming...

        Suspend + Dump:   0.09
   Pcopy after suspend:   0.07
        Copy dump file:   0.05
       Undump + Resume:   0.30
                        ------
  Total suspended time:   0.50

locktime,9
check ct,130
prepare remote,160
copy file system,6220
dump,89
copy dump file,141
prepare remote ct,81
resume time,7
totaltime,6837
Resuming...

        Suspend + Dump:   0.09
   Pcopy after suspend:   0.07
        Copy dump file:   0.04
       Undump + Resume:   0.19
                        ------
  Total suspended time:   0.39

locktime,9
locktime,10
check ct,273
prepare remote,177
copy file system,5773
dump,91
copy dump file,161
prepare remote ct,118
resume time,8
totaltime,6611
Resuming...

        Suspend + Dump:   0.09
   Pcopy after suspend:   0.07
        Copy dump file:   0.05
       Undump + Resume:   0.24
                        ------
  Total suspended time:   0.45

locktime,13
check ct,284
prepare remote,185
copy file system,6727
dump,92
copy dump file,160
prepare remote ct,131
resume time,8
totaltime,7600
Resuming...

        Suspend + Dump:   0.09
   Pcopy after suspend:   0.07
        Copy dump file:   0.04
       Undump + Resume:   0.26
                        ------
  Total suspended time:   0.46

locktime,12
check ct,283
prepare remote,178
copy file system,6883
dump,110
copy dump file,172
prepare remote ct,108
resume time,8
totaltime,7754
Resuming...

        Suspend + Dump:   0.11
   Pcopy after suspend:   0.07
        Copy dump file:   0.06
       Undump + Resume:   0.23
                        ------
  Total suspended time:   0.47

locktime,13
check ct,283
prepare remote,173
copy file system,6668
dump,92
copy dump file,210
prepare remote ct,94
resume time,8
totaltime,7541
Resuming...

        Suspend + Dump:   0.10
   Pcopy after suspend:   0.07
        Copy dump file:   0.08
       Undump + Resume:   0.24
                        ------
  Total suspended time:   0.48

locktime,13
check ct,274
prepare remote,176
connect tcp port,15
copy file system,7297
dump,101
copy dump file,166
prepare remote ct,109
resume time,7
totaltime,8158
Resuming...

        Suspend + Dump:   0.10
   Pcopy after suspend:   0.07
        Copy dump file:   0.05
       Undump + Resume:   0.24
                        ------
  Total suspended time:   0.46

locktime,13
check ct,198
prepare remote,178
connect tcp port,15
copy file system,8614
dump,96
copy dump file,257
prepare remote ct,99
resume time,7
totaltime,9477
Resuming...

        Suspend + Dump:   0.10
   Pcopy after suspend:   0.07
        Copy dump file:   0.13
       Undump + Resume:   0.23
                        ------
  Total suspended time:   0.53

locktime,13
check ct,196
prepare remote,160
connect tcp port,14
copy file system,9818
dump,89
copy dump file,156
prepare remote ct,76
resume time,8
totaltime,10530
Resuming...

        Suspend + Dump:   0.09
   Pcopy after suspend:   0.07
        Copy dump file:   0.04
       Undump + Resume:   0.20
                        ------
  Total suspended time:   0.40

locktime,9
check ct,192
prepare remote,161
connect tcp port,14
copy file system,8729
dump,58
copy dump file,163
prepare remote ct,74
resume time,8
totaltime,9408
Resuming...

        Suspend + Dump:   0.06
   Pcopy after suspend:   0.07
        Copy dump file:   0.05
       Undump + Resume:   0.20
                        ------
  Total suspended time:   0.38

locktime,9
check ct,186
prepare remote,160
connect tcp port,14
copy file system,8160
dump,58
copy dump file,154
prepare remote ct,74
resume time,7
totaltime,8822
Resuming...

        Suspend + Dump:   0.06
   Pcopy after suspend:   0.07
        Copy dump file:   0.04
       Undump + Resume:   0.19
                        ------
  Total suspended time:   0.37

locktime,9
check ct,6178
prepare remote,161
connect tcp port,15
copy file system,9121
dump,59
copy dump file,152
prepare remote ct,76
resume time,8
totaltime,15779
Resuming...

        Suspend + Dump:   0.06
   Pcopy after suspend:   0.02
        Copy dump file:   0.04
       Undump + Resume:   0.19
                        ------
  Total suspended time:   0.32

locktime,9
check ct,180
prepare remote,161
connect tcp port,14
copy file system,8863
dump,57
copy dump file,156
prepare remote ct,74
resume time,8
totaltime,9522
Resuming...

        Suspend + Dump:   0.06
   Pcopy after suspend:   0.07
        Copy dump file:   0.04
       Undump + Resume:   0.19
                        ------
  Total suspended time:   0.37

locktime,9
check ct,181
prepare remote,186
connect tcp port,15
copy file system,8227
dump,58
copy dump file,156
prepare remote ct,79
resume time,8
totaltime,8919
Resuming...

        Suspend + Dump:   0.06
   Pcopy after suspend:   0.07
        Copy dump file:   0.05
       Undump + Resume:   0.20
                        ------
  Total suspended time:   0.37

locktime,10
check ct,178
prepare remote,158
connect tcp port,14
copy file system,9315
dump,58
copy dump file,156
prepare remote ct,79
resume time,7
totaltime,9975
Resuming...

        Suspend + Dump:   0.06
   Pcopy after suspend:   0.07
        Copy dump file:   0.05
       Undump + Resume:   0.19
                        ------
  Total suspended time:   0.37

locktime,10
check ct,178
prepare remote,158
connect tcp port,14
copy file system,8448
dump,60
copy dump file,148
prepare remote ct,76
resume time,8
totaltime,9100
Resuming...

        Suspend + Dump:   0.06
   Pcopy after suspend:   0.07
        Copy dump file:   0.05
       Undump + Resume:   0.19
                        ------
  Total suspended time:   0.36

locktime,9
check ct,179
prepare remote,162
connect tcp port,14
copy file system,8402
dump,58
copy dump file,152
prepare remote ct,74
resume time,8
totaltime,9058
Resuming...

        Suspend + Dump:   0.06
   Pcopy after suspend:   0.07
        Copy dump file:   0.05
       Undump + Resume:   0.19
                        ------
  Total suspended time:   0.37

locktime,9
check ct,179
prepare remote,160
connect tcp port,14
copy file system,8390
dump,58
copy dump file,153
prepare remote ct,79
resume time,8
totaltime,9050
Resuming...

        Suspend + Dump:   0.06
   Pcopy after suspend:   0.07
        Copy dump file:   0.04
       Undump + Resume:   0.20
                        ------
  Total suspended time:   0.37

locktime,9
check ct,180
prepare remote,160
connect tcp port,14
copy file system,8420
dump,61
copy dump file,235
prepare remote ct,77
resume time,8
totaltime,9164
Resuming...

        Suspend + Dump:   0.06
   Pcopy after suspend:   0.07
        Copy dump file:   0.05
       Undump + Resume:   0.27
                        ------
  Total suspended time:   0.45

locktime,9
check ct,181
prepare remote,159
connect tcp port,15
copy file system,8544
dump,58
copy dump file,147
prepare remote ct,74
resume time,8
totaltime,9195
Resuming...

        Suspend + Dump:   0.06
   Pcopy after suspend:   0.07
        Copy dump file:   0.04
       Undump + Resume:   0.19
                        ------
  Total suspended time:   0.36

locktime,9
check ct,180
prepare remote,161
connect tcp port,14
copy file system,8494
dump,61
copy dump file,230
prepare remote ct,81
resume time,8
totaltime,9238
Resuming...

        Suspend + Dump:   0.06
   Pcopy after suspend:   0.07
        Copy dump file:   0.04
       Undump + Resume:   0.28
                        ------
  Total suspended time:   0.45

locktime,10
check ct,179
prepare remote,162
connect tcp port,14
copy file system,8153
dump,58
copy dump file,153
prepare remote ct,77
resume time,8
totaltime,8814
Resuming...

        Suspend + Dump:   0.06
   Pcopy after suspend:   0.07
        Copy dump file:   0.04
       Undump + Resume:   0.19
                        ------
  Total suspended time:   0.37

locktime,9
check ct,180
prepare remote,163
connect tcp port,14
copy file system,8619
dump,57
copy dump file,156
prepare remote ct,75
resume time,8
totaltime,9281
Resuming...

        Suspend + Dump:   0.06
   Pcopy after suspend:   0.07
        Copy dump file:   0.05
       Undump + Resume:   0.19
                        ------
  Total suspended time:   0.37

locktime,9
check ct,184
prepare remote,162
connect tcp port,15
copy file system,8301
dump,59
copy dump file,152
prepare remote ct,71
resume time,8
totaltime,8961
Resuming...

        Suspend + Dump:   0.06
   Pcopy after suspend:   0.07
        Copy dump file:   0.05
       Undump + Resume:   0.18
                        ------
  Total suspended time:   0.36

locktime,9
check ct,182
prepare remote,163
connect tcp port,15
copy file system,8366
dump,72
copy dump file,155
prepare remote ct,83
resume time,8
totaltime,9053
Resuming...

        Suspend + Dump:   0.07
   Pcopy after suspend:   0.07
        Copy dump file:   0.04
       Undump + Resume:   0.20
                        ------
  Total suspended time:   0.39

locktime,9
check ct,182
prepare remote,162
connect tcp port,14
copy file system,8876
dump,58
copy dump file,151
prepare remote ct,83
resume time,8
totaltime,9543
Resuming...

        Suspend + Dump:   0.06
   Pcopy after suspend:   0.07
        Copy dump file:   0.04
       Undump + Resume:   0.20
                        ------
  Total suspended time:   0.37

locktime,9
check ct,188
prepare remote,181
connect tcp port,16
copy file system,14771
dump,58
copy dump file,205
prepare remote ct,82
resume time,9
totaltime,15519
Resuming...

        Suspend + Dump:   0.06
   Pcopy after suspend:   0.07
        Copy dump file:   0.09
       Undump + Resume:   0.20
                        ------
  Total suspended time:   0.43

locktime,9
check ct,189
prepare remote,181
connect tcp port,17
copy file system,16565
dump,71
copy dump file,200
prepare remote ct,75
resume time,9
totaltime,17316
Resuming...

        Suspend + Dump:   0.07
   Pcopy after suspend:   0.07
        Copy dump file:   0.09
       Undump + Resume:   0.19
                        ------
  Total suspended time:   0.43

locktime,9
check ct,187
prepare remote,182
connect tcp port,16
copy file system,15009
dump,58
copy dump file,202
prepare remote ct,81
resume time,8
totaltime,15752
Resuming...

        Suspend + Dump:   0.06
   Pcopy after suspend:   0.07
        Copy dump file:   0.09
       Undump + Resume:   0.20
                        ------
  Total suspended time:   0.42

locktime,9
check ct,188
prepare remote,181
connect tcp port,17
copy file system,15520
dump,61
copy dump file,346
prepare remote ct,86
resume time,9
totaltime,16417
Resuming...

        Suspend + Dump:   0.06
   Pcopy after suspend:   0.07
        Copy dump file:   0.09
       Undump + Resume:   0.35
                        ------
  Total suspended time:   0.57

locktime,9
check ct,187
prepare remote,182
connect tcp port,19
copy file system,14574
dump,57
copy dump file,203
prepare remote ct,78
resume time,9
totaltime,15318
Resuming...

        Suspend + Dump:   0.06
   Pcopy after suspend:   0.07
        Copy dump file:   0.09
       Undump + Resume:   0.20
                        ------
  Total suspended time:   0.42

locktime,9
check ct,185
prepare remote,182
connect tcp port,16
copy file system,14559
dump,74
copy dump file,206
prepare remote ct,73
resume time,9
totaltime,15313
Resuming...

        Suspend + Dump:   0.08
   Pcopy after suspend:   0.07
        Copy dump file:   0.09
       Undump + Resume:   0.19
                        ------
  Total suspended time:   0.43

locktime,9
check ct,322
prepare remote,516
connect tcp port,51
copy file system,230444
dump,58
copy dump file,3751
prepare remote ct,88
resume time,28
totaltime,235267
Resuming...

        Suspend + Dump:   0.06
   Pcopy after suspend:   0.07
        Copy dump file:   3.62
       Undump + Resume:   0.25
                        ------
  Total suspended time:   4.00

locktime,9
check ct,314
prepare remote,490
connect tcp port,49
copy file system,228116
dump,59
copy dump file,4223
prepare remote ct,75
resume time,33
totaltime,233368
Resuming...

        Suspend + Dump:   0.06
   Pcopy after suspend:   0.07
        Copy dump file:   4.11
       Undump + Resume:   0.22
                        ------
  Total suspended time:   4.46

locktime,9
check ct,4753
prepare remote,5663
connect tcp port,14
copy file system,9402
dump,60
copy dump file,159
prepare remote ct,77
resume time,7
totaltime,20144
Resuming...

        Suspend + Dump:   0.06
   Pcopy after suspend:   0.07
        Copy dump file:   0.05
       Undump + Resume:   0.20
                        ------
  Total suspended time:   0.37

locktime,9
check ct,201
prepare remote,183
connect tcp port,16
copy file system,10616
dump,71
copy dump file,214
prepare remote ct,73
resume time,9
totaltime,11392
Resuming...

        Suspend + Dump:   0.07
   Pcopy after suspend:   0.07
        Copy dump file:   0.11
       Undump + Resume:   0.19
                        ------
  Total suspended time:   0.44

locktime,9
check ct,202
prepare remote,185
connect tcp port,17
copy file system,10474
dump,57
copy dump file,220
prepare remote ct,76
resume time,9
totaltime,11249
Resuming...

        Suspend + Dump:   0.06
   Pcopy after suspend:   0.07
        Copy dump file:   0.11
       Undump + Resume:   0.20
                        ------
  Total suspended time:   0.44

locktime,9
check ct,3163
prepare remote,271
connect tcp port,25
copy file system,26006
dump,60
copy dump file,471
prepare remote ct,76
resume time,14
totaltime,30095
Resuming...

        Suspend + Dump:   0.06
   Pcopy after suspend:   0.07
        Copy dump file:   0.36
       Undump + Resume:   0.20
                        ------
  Total suspended time:   0.69

locktime,9
check ct,160
prepare remote,244
connect tcp port,22
copy file system,22653
dump,58
copy dump file,413
prepare remote ct,73
resume time,14
totaltime,23646
Resuming...

        Suspend + Dump:   0.06
   Pcopy after suspend:   0.07
        Copy dump file:   0.30
       Undump + Resume:   0.20
                        ------
  Total suspended time:   0.63

locktime,9
