locktime,9
check ct,3134
prepare remote,161
connect tcp port,15
copy file system,12502
dump,832
copy dump file,473
prepare remote ct,133
resume time,8
totaltime,17267
Resuming...

        Suspend + Dump:   0.83
   Pcopy after suspend:   0.04
        Copy dump file:   0.31
       Undump + Resume:   0.30
                        ------
  Total suspended time:   1.49

locktime,9
check ct,131
prepare remote,161
connect tcp port,14
copy file system,13024
dump,626
copy dump file,561
prepare remote ct,132
resume time,8
totaltime,14666
Resuming...

        Suspend + Dump:   0.63
   Pcopy after suspend:   0.03
        Copy dump file:   0.32
       Undump + Resume:   0.38
                        ------
  Total suspended time:   1.37

locktime,9
check ct,130
prepare remote,159
connect tcp port,15
copy file system,13990
dump,744
copy dump file,495
prepare remote ct,136
resume time,8
totaltime,15686
Resuming...

        Suspend + Dump:   0.75
   Pcopy after suspend:   0.09
        Copy dump file:   0.33
       Undump + Resume:   0.31
                        ------
  Total suspended time:   1.47

