6
3
10
2
2
2
2
9
3
4
3
3
3
2
2
4
2
2
2
2
2
5
2
2
2
8
8
3
3
3
3
3
6
3
3
3
3
5
9
5
1
2
0
5
3
3
2
3
3
2
2
7
3
2
4
3
7
2
1
4
4
17
28
30
9
20
9
2
2
7
3
3
3
3
3
4
2
2
3
3
4
3
3
2
2
2
2
6
4
2
9
2
3
1
1
16
13
11
10
9
11
2176
13426
13427
13427
12205
2
13429
13429
5
2
2
6
5
2
3
1
8
1
1
5
3
3
2
2
1
7
6
1
1
6
3
3
3
6
4
4
2
7
3
6
3
3
4
5
4
1
1
1
1
6
4
3
3
2
3
5
5
3
2
2
3
2
2
9
3
3
2
2
1
3
3
2
1
2
2
8
9
10
3
3
2
6
5
5
3
4
3
3
2
3
3
2
2
2
1
4
2
1
0
1
1
1
1
1
1
1
1
0
0
0
1
1
0
1
1
10
2
5
3
173
20653
19659
13660
20651
5491
5489
13659
19663
17659
17657
5
3
3
4
4
1
1
1
1
1
1
8
3
3
3
3
3
3
2
3
3
2
2
2
2
8
2
2
9
3
2
3
2
2
10
3
3
13
3
2
15
11
20
54
63
5
3
2
2
2
1
1
1
1
1
1
2
4015
4017
4022
4017
4004
4011
4009
4029
4023
13
4033
4020
4037
4021
4021
4023
4040
4041
4036
4032
4034
4048
4053
4034
4038
4039
4043
4052
4035
4043
4052
58
4042
4057
4042
36
52
61
52
4048
4047
49
32
50
42
55
31
32
43
23
4047
6
24
55
26
39
25
56
48
29
38
38
34
34
34
53
71
63
37
35
36
44
52
31
64
31
37
31
34
44
33
38
30
29
47
37
26
24
24
25
23
37
41
22
36
13
10
8
8
32
34
28
31
36
37
9
34
30
9
5
1
1
4012
4017
3992
3993
3992
3994
3997
3997
4000
3999
4004
4004
4021
4026
4021
4032
4031
4046
4050
4031
4048
4044
4044
4058
4037
4041
4041
4043
4044
4045
4037
4039
4040
4038
4045
4035
4044
4035
4040
4041
2
4044
4039
4038
4041
4039
57
56
4043
42
57
4040
4043
27
4043
15
43
62
54
54
63
16
46
51
27
54
20
14
16
19
4044
10
10
11
16
11
11
10
10
67
50
9
23
4050
22
20
20
10
14
12
13
24
23
3
3
15
10
10
15
25
6
16
20
10
18
15
4015
4019
4019
4018
4023
4003
4022
4006
4005
4011
4007
4015
4008
4013
4011
4014
4031
4010
4033
4014
4022
4013
4027
4028
4025
4026
4028
4025
4025
4024
4027
38
44
56
4043
48
4045
67
48
4045
4045
49
49
50
42
37
45
43
40
38
46
36
37
39
36
47
41
49
39
44
46
25
42
13
52
42
10
38
31
6
41
40
31
9
11
7
41
7
11
11
47
1
7999
2
4017
1
1
1
1
1
1
1
1
1
1
1
1
1
1
2
1
1
4011
4013
4013
3990
3990
3990
3991
3991
3993
4015
3994
4023
4016
3994
4001
4013
3995
3996
3997
4005
3330
4006
3326
3999
4005
3326
51
32
4017
4016
26
26
25
25
23
24
30
3054
3347
4025
24
26
1054
34
31
4033
2064
4036
4034
4030
4030
4031
31
33
26
32
31
22
13
29
31
34
12
37
13
37
26
34
24
34
35
25
28
39
27
14
18
44
46
21
20
30
19
21
7986
1
4016
1
1
1
1
2
4012
4018
4013
3994
3997
1
1
3994
3995
3994
3995
3994
3995
3999
3996
4013
1
4001
1
4002
4011
3999
2
3999
4002
3999
3999
3998
3998
3997
3998
3998
3997
3997
3997
3997
3997
3996
3996
3996
16
15
14
4003
3998
4004
15
14
14
16
12
14
15
13
13
12
11
9
9
9
9
17
9
17
4019
11
4021
12
10
11
10
9
11
4026
10
10
4035
11
4035
10
11
10
13
4023
11
4
12
4
5
3
3
5
4026
1
4026
1
4029
1
4029
1
4029
0
7998
1
8001
0
0
0
1
1
1
1
1
1
1
1
4014
4009
3992
3990
3991
3993
3992
3998
3997
4000
4002
4026
4023
4023
4025
4021
4012
4028
4010
4013
4047
4048
4040
4050
4040
4051
4042
4041
4042
4056
4054
4050
4054
4045
4040
4042
4042
4044
4045
4043
64
4042
2
4048
57
54
4045
62
48
45
45
4048
4050
4048
4046
51
4055
4047
4051
46
4047
48
68
55
72
70
67
15
13
17
45
49
68
15
65
17
10
11
50
17
15
15
15
8
20
11
21
13
38
9
8
8
19
22
13
13
15
8
17
20
9
9
11
17
2
2
2
2
1
2
2
1
1
1
4007
4012
4012
4011
4016
23
4026
4009
4009
4009
4026
4023
4022
4024
4013
4022
4020
4019
4014
4017
4015
4019
4023
4021
4023
4029
4028
4024
4026
4026
4035
4036
42
43
4036
4040
29
47
49
34
36
47
31
37
31
30
30
37
34
32
64
32
52
32
51
42
51
26
33
42
32
26
2
26
28
36
23
14
4051
36
38
15
29
13
28
16
17
57
9
18
48
29
38
11
31
32
7
7
45
9
10
18
20
8
5
30
35
9
10
9
8
3
45
5
8
1
45
8
2
1
7992
1
1
1
1
1
1
1
2
2
1
2
2
1
1
2
4016
4006
3995
4015
4008
4011
4009
4023
4003
4017
4031
4015
4010
4030
4013
4031
4015
4024
4013
28
4032
4023
4017
4021
4028
4023
4024
4023
4030
4024
4027
4025
4035
4026
4030
41
39
4029
37
4030
31
27
28
30
40
40
40
43
54
30
37
62
53
39
57
30
38
43
43
28
39
40
32
29
26
29
27
28
30
3
45
30
26
33
57
25
33
27
1
1
8001
1
1
1
1
1
1
1
1
2
1
1
4013
4018
3993
3994
3993
3996
3994
3995
3998
4022
4000
4031
4010
4009
4012
4029
4029
4019
4035
4037
4037
4031
4040
4040
4046
4036
4036
4056
4059
4074
4073
4075
4073
4064
4064
4067
4064
4067
4065
4069
4064
4063
4063
4062
4066
4064
4068
83
84
4064
5
73
81
83
74
80
64
53
60
66
80
4066
62
44
37
38
4068
54
4068
84
68
13
44
39
12
12
13
12
10
41
12
91
11
13
30
42
12
13
13
58
11
31
12
74
14
3
85
14
13
12
13
8
9
14
2
9
15
13
1
1
1
1
1
1
2
2
4009
4011
4018
4016
15
4017
4008
4009
4023
4011
4008
4026
4027
4018
4018
4026
4025
4022
4024
4028
4032
4035
4034
4034
4036
4026
4035
4033
4029
4029
4030
4029
4028
4033
4028
4028
4028
4027
4026
1
52
37
4033
4036
4030
37
44
4034
36
33
4032
20
22
4032
4040
21
4038
42
15
38
4039
15
19
15
35
38
16
37
13
39
4037
19
17
41
4040
22
46
15
17
17
11
23
16
12
11
10
11
16
13
6
22
18
22
24
38
30
23
4049
23
28
36
39
33
17
7996
2
1
1
1
1
1
1
2
1
4017
4012
4013
3996
3995
3997
3995
3996
3996
3996
3998
4000
4001
3997
3999
4013
4013
4000
4015
4001
4023
4001
4001
4004
4019
4002
4007
4009
4007
4007
4006
4020
4007
4020
4008
4018
4010
4020
4005
4021
4006
4007
4009
2
4007
4005
26
4022
26
4025
4009
4023
23
22
25
24
26
1614
4011
2
4011
25
25
30
20
18
18
27
618
29
26
11
24
22
15
15
12
15
13
25
25
13
11
11
16
17
14
23
13
25
15
23
27
8
11
17
17
17
17
20
14
13
13
31
17
14
21
3
14
17
32
43
1
2
1
1
4006
4007
4013
3990
3989
3990
3991
3992
3999
4016
4017
4000
4000
3999
4014
4021
4024
4031
4042
4049
4054
4066
4058
4054
4055
4073
4074
70
4057
4062
73
69
71
4056
74
4058
36
65
73
65
72
4073
28
16
4061
4060
23
71
74
80
88
73
19
49
67
20
13
14
69
5
8
8
9
9
10
8
22
23
13
7
43
11
10
9
8
55
75
9
10
9
9
9
13
13
11
5
14
8
5
5
15
4
3
4
7
19
14
5
4
8
5
7
2
12
5
6
15
5
9
5
1
1
7993
1
1
1
1
1
4008
4021
4024
4024
4003
4014
4001
4023
4017
4006
4020
4013
4016
4015
4018
4019
4014
4013
4014
4016
4019
4018
4017
4020
4032
4027
4028
4021
4022
4024
4024
31
34
4026
33
4027
34
55
32
33
29
4030
27
19
23
32
18
17
21
4037
26
34
31
19
19
26
16
19
39
16
15
9
9
32
6
10
5
4
17
23
15
10
34
27
17
23
7988
1
4028
1
1
1
1
2
4013
4014
4015
4016
4014
4018
4018
14
4012
4023
4026
4028
4024
4018
4022
4022
4019
4023
4022
4025
4026
4029
4027
4029
4026
4031
4030
4037
4037
47
4039
4048
36
4058
4052
4052
48
4061
54
47
55
41
33
41
40
51
37
39
43
38
37
32
57
32
41
9
47
22
56
40
35
32
9
8
23
44
10
33
37
42
4
23
4
26
36
1
15
48
8004
2
1
1
2
2
1
2
1
2
2
2
2
1
7
1
2
4016
4012
3993
3995
3996
4020
4000
4020
4027
4014
4029
4024
4018
4010
35
4021
4021
4041
4038
4023
4020
4027
4020
4021
4020
4021
3256
4029
4027
3257
4022
4033
3258
4024
4034
4032
50
3258
2080
55
58
30
36
28
55
2083
35
45
28
32
21
24
14
23
40
14
28
28
16
13
17
56
14
17
17
33
14
33
16
11
18
14
30
31
14
60
16
15
15
12
16
16
12
10
15
51
13
10
15
3
3
5
14
9
14
16
10
8
7991
2
1
1
