1177
9116
9116
9118
1467
11959
11060
2841
2843
61
1427
114535
130663
114535
114534
130664
114536
114010
115499
131628
965
965
966
966
966
964
1014
1014
8
2
2
16
1
1
1
2
8016
7995
0
7995
7995
7997
7996
7996
7998
7997
7996
7997
7996
7997
7999
7999
4016
7999
4008
8019
4007
8016
4008
8024
8016
8021
8017
5
8010
5
4011
8009
4
4004
4011
4003
4004
4003
4003
4002
4002
4001
4002
6
4015
15
17
15
1
8007
14
15
14
14
13
20
13
18
12
8018
12
13
12
11
12
14
11
11
11
11
8
12
9
9
15
8
8
8026
8
9
9
8021
8
9
8025
5
1
8030
1
1
0
8025
20
1
8033
0
8030
1
8033
0
2
17
1
1
1
2
2
1
2
4012
4020
4010
3
7
4008
14
11
17
4014
7
16
4020
17
6
4022
7
4021
4022
4026
4021
4
4026
4029
4
4028
6
6
6
7
5
6
6
8018
8013
1
1
8013
8016
1
1
2
16
1
1
1
2
8016
1
8002
8002
7999
8000
8000
8000
8000
8001
1
8007
8001
8005
8003
8002
8003
8003
4007
8017
8010
8012
8016
1
4008
4006
4006
4008
8025
4005
8021
8021
4005
1
4006
8020
8017
3997
8022
4004
4
4009
3998
3999
16
3998
15
4
4013
15
8024
14
13
14
13
14
3
8011
10
8028
12
8022
12
10
8023
10
10
10
10
10
10
10
9
9
9
10
10
9
9
9
9
14
16
7
9
10
10
8
11
7
6
6
8028
1
8028
8030
0
1
1
16
1
1
1
2
8021
3
1
17
1
2
4008
3985
4007
3988
1
3990
3990
3986
0
3991
3986
3986
3989
3986
3986
3988
3986
3985
7
3987
8
3989
3987
5
7
7
6
6
7
4009
5
6
6
5
5
10
5
4
4
2
4016
4011
0
6
4023
1
4020
1
4020
0
4012
0
4014
1
4015
4015
1
1
4021
0
4016
0
4024
1
4019
0
1
17
1
1
0
2
1
1
4007
4007
4010
3999
4003
4016
10
4018
10
12
3
6
4026
11
7
4014
2
4016
7
4024
4025
4026
4022
4024
4025
3
4024
3
10
3
3
5
4
2
8017
2
1
16
1
1
1
1
0
1
4010
4017
4019
6
4006
4019
9
4
4009
4018
5
4
4024
4023
6
6
4028
4022
4020
4022
4027
8
4025
5
4022
4023
3
5
4
4
3
7
6
4
8016
2
1
17
0
1
1
1
8022
8014
8014
2
8006
8008
8008
8007
8022
1
8010
1
8019
8010
8007
8009
8008
8007
2
8009
8022
8007
8019
8006
1
8007
8009
8007
4014
4014
8009
4013
4013
0
8009
4006
4007
4006
4005
4005
4004
4005
4004
10
10
9
1
9
4018
4009
9
9
8
9
9
8
8
11
11
8023
11
11
11
11
8027
11
8028
10
10
8029
11
8029
11
11
8027
10
11
8031
11
11
11
11
14
10
15
5
5
5
4
4
5
4
14
8029
8037
1
1
17
1
1
0
1
1
1
4005
4006
4009
4019
4000
4001
4
7
4017
4016
6
6
8
4022
4023
4030
4016
4017
4019
4016
17
10
4017
12
4026
6
5
10
6
5
4
6
8
2
8016
2
2
17
1
1
1
2
1
1
4009
4009
4006
7
6
4008
4019
4
4018
4
4015
4023
3
4024
4021
4031
6
4026
4022
4021
3
4021
8
8
9
3
4023
3
5
5
1
4024
4
1
8017
1
1
15
0
1
1
1
8015
4006
4008
4009
8017
8002
4008
8020
4010
2
4012
4002
4001
4000
4000
3
4003
3999
4001
3
8006
3998
3995
7
8034
3999
4003
8020
7
7
6
6
5
8020
5
7
8
8014
6
6
5
4
5
8019
4
5
4
5
4
3
1
2
8021
1
8019
1
8024
0
8020
1
8024
0
8021
1
8028
1
8020
0
2
16
1
1
1
2
0
1
4007
4010
4002
4004
4012
4010
4017
7
7
4014
5
4
5
4019
4
4016
5
5
4026
4
4014
4
2
4018
4017
2
4017
2
1
1
4029
4022
1
2
8015
1
1
17
1
2
0
1
1
1
4011
4009
4007
4013
4009
7
10
5
7
5
4018
4021
4029
4025
4026
4032
9
11
4036
4027
11
4035
12
4033
4028
4
2
3
4031
3
4
1
3
1
8015
2
2
16
1
2
0
1
1
1
4011
4014
4018
4017
4008
4
4
4009
4016
5
4022
4
7
4022
4023
9
4039
4025
4025
14
4036
4028
4028
4030
4
4
3
5
13
17
13
6
6
3
8016
2
1
15
1
1
1
2
8015
8001
1
8001
8000
0
8001
8001
8002
8000
8001
8000
8001
8003
8002
8001
8002
4008
8002
4006
8009
4006
4006
8019
8005
8019
4006
8021
4001
8020
8019
8020
8025
6
4013
4006
1
4006
1
4014
4005
4
8019
4004
4006
21
6
20
4008
18
20
18
17
17
17
4007
16
15
16
17
8026
8029
8026
8026
8028
8029
8029
18
8028
17
17
19
17
18
16
16
16
16
18
15
16
16
15
11
22
11
16
11
7
7
7
7
6
12
6
6
7
10
