imageTransfer,35663
prepare remote,4
prepare remote,2078
migrate dump,4764
totaltime,42509
imageTransfer,36695
prepare remote,5
prepare remote,2837
migrate dump,12031
totaltime,51568
imageTransfer,34076
prepare remote,3
prepare remote,1593
migrate dump,11119
totaltime,46791
imageTransfer,35171
prepare remote,4
prepare remote,1165
migrate dump,10465
totaltime,46805
imageTransfer,35555
prepare remote,4
prepare remote,1085
migrate dump,10915
totaltime,47559
imageTransfer,33973
prepare remote,3
prepare remote,3369
migrate dump,12055
totaltime,49400
imageTransfer,35389
prepare remote,3
prepare remote,933
migrate dump,10914
totaltime,47239
imageTransfer,34822
prepare remote,4
prepare remote,810
migrate dump,10818
totaltime,46454
imageTransfer,34662
prepare remote,4
prepare remote,1085
migrate dump,11293
totaltime,47044
imageTransfer,34285
prepare remote,5
prepare remote,1151
migrate dump,10801
totaltime,46242
imageTransfer,34892
prepare remote,3
prepare remote,988
migrate dump,10774
totaltime,46657
imageTransfer,35450
prepare remote,4
prepare remote,1029
migrate dump,10705
totaltime,47188
imageTransfer,34710
prepare remote,3
prepare remote,1943
migrate dump,10835
totaltime,47491
imageTransfer,35286
prepare remote,4
prepare remote,1495
migrate dump,10827
totaltime,47612
imageTransfer,34388
prepare remote,4
prepare remote,1283
migrate dump,10422
totaltime,46097
imageTransfer,35007
prepare remote,4
prepare remote,1558
migrate dump,10440
totaltime,47009
imageTransfer,34794
prepare remote,4
prepare remote,1109
migrate dump,10406
totaltime,46313
imageTransfer,33246
prepare remote,3
prepare remote,2008
migrate dump,10736
totaltime,45993
imageTransfer,34563
prepare remote,5
prepare remote,1016
migrate dump,11362
totaltime,46946
imageTransfer,36522
prepare remote,5
prepare remote,1660
migrate dump,11870
totaltime,50057
imageTransfer,15
prepare remote,4
prepare remote,615
migrate dump,9068
totaltime,9702
imageTransfer,18
prepare remote,4
prepare remote,722
migrate dump,8987
totaltime,9731
imageTransfer,18
prepare remote,4
prepare remote,230
migrate dump,8789
totaltime,9041
imageTransfer,16
prepare remote,3
prepare remote,250
migrate dump,8553
totaltime,8822
imageTransfer,16
prepare remote,5
prepare remote,227
migrate dump,8534
totaltime,8782
imageTransfer,44
prepare remote,21
prepare remote,280
migrate dump,3532
totaltime,3877
imageTransfer,16
prepare remote,4
prepare remote,183
migrate dump,3467
totaltime,3670
imageTransfer,17
prepare remote,4
prepare remote,177
migrate dump,2851
totaltime,3049
imageTransfer,18
prepare remote,3
prepare remote,172
migrate dump,3197
totaltime,3390
imageTransfer,18
prepare remote,5
prepare remote,189
migrate dump,3578
totaltime,3790
imageTransfer,15
prepare remote,4
prepare remote,178
migrate dump,3686
totaltime,3883
imageTransfer,18
prepare remote,4
prepare remote,181
migrate dump,3751
totaltime,3954
imageTransfer,17
prepare remote,5
prepare remote,182
migrate dump,3774
totaltime,3978
imageTransfer,15
prepare remote,5
prepare remote,175
migrate dump,3734
totaltime,3929
imageTransfer,18
prepare remote,4
prepare remote,181
migrate dump,3762
totaltime,3965
imageTransfer,19
prepare remote,4
prepare remote,184
migrate dump,3714
totaltime,3921
imageTransfer,17
prepare remote,4
prepare remote,183
migrate dump,3726
totaltime,3930
imageTransfer,18
prepare remote,5
prepare remote,182
migrate dump,3859
totaltime,4064
imageTransfer,18
prepare remote,4
prepare remote,174
migrate dump,3858
totaltime,4054
imageTransfer,19
prepare remote,4
prepare remote,178
migrate dump,3757
totaltime,3958
imageTransfer,18
prepare remote,3
prepare remote,179
migrate dump,3706
totaltime,3906
imageTransfer,17
prepare remote,4
prepare remote,185
migrate dump,3694
totaltime,3900
imageTransfer,18
prepare remote,5
prepare remote,184
migrate dump,3771
totaltime,3978
imageTransfer,18
prepare remote,4
prepare remote,185
migrate dump,3813
totaltime,4020
imageTransfer,18
prepare remote,4
prepare remote,180
migrate dump,3762
totaltime,3964
imageTransfer,18
prepare remote,4
prepare remote,181
migrate dump,3763
totaltime,3966
imageTransfer,18
prepare remote,5
prepare remote,179
migrate dump,3706
totaltime,3908
imageTransfer,18
prepare remote,3
prepare remote,174
migrate dump,3782
totaltime,3977
imageTransfer,18
prepare remote,4
prepare remote,177
migrate dump,3801
totaltime,4000
imageTransfer,17
prepare remote,4
prepare remote,181
migrate dump,3767
totaltime,3969
imageTransfer,14
prepare remote,5
prepare remote,185
migrate dump,3919
totaltime,4123
imageTransfer,18
prepare remote,4
prepare remote,178
migrate dump,3755
totaltime,3955
imageTransfer,17
prepare remote,4
prepare remote,184
migrate dump,3747
totaltime,3952
imageTransfer,16
prepare remote,4
prepare remote,177
migrate dump,3848
totaltime,4045
imageTransfer,16
prepare remote,4
prepare remote,181
migrate dump,3812
totaltime,4013
imageTransfer,18
prepare remote,4
prepare remote,179
migrate dump,3708
totaltime,3909
imageTransfer,17
prepare remote,3
prepare remote,179
migrate dump,3746
totaltime,3945
imageTransfer,15
prepare remote,4
prepare remote,195
migrate dump,3771
totaltime,3985
imageTransfer,18
prepare remote,4
prepare remote,186
migrate dump,3722
totaltime,3930
imageTransfer,18
prepare remote,4
prepare remote,187
migrate dump,3760
totaltime,3969
imageTransfer,17
prepare remote,4
prepare remote,187
migrate dump,3735
totaltime,3943
imageTransfer,18
prepare remote,5
prepare remote,186
migrate dump,3707
totaltime,3916
imageTransfer,17
prepare remote,4
prepare remote,273
migrate dump,3803
totaltime,4097
imageTransfer,19
prepare remote,4
prepare remote,270
migrate dump,3826
totaltime,4119
imageTransfer,17
prepare remote,5
prepare remote,271
migrate dump,3769
totaltime,4062
imageTransfer,18
prepare remote,4
prepare remote,270
migrate dump,3781
totaltime,4073
imageTransfer,74914
prepare remote,4
prepare remote,3709
migrate dump,4481
totaltime,83108
imageTransfer,16
prepare remote,13
prepare remote,185
migrate dump,881
totaltime,1095
imageTransfer,17
prepare remote,5
prepare remote,7186
migrate dump,854
totaltime,8062
imageTransfer,40
prepare remote,19
prepare remote,220
migrate dump,2552
totaltime,2831
imageTransfer,18
prepare remote,4
prepare remote,1471
migrate dump,3124
totaltime,4617
imageTransfer,18
prepare remote,5
prepare remote,209
migrate dump,2525
totaltime,2757
imageTransfer,18
prepare remote,3
prepare remote,184
migrate dump,2550
totaltime,2755
imageTransfer,18
prepare remote,4
prepare remote,201
migrate dump,2508
totaltime,2731
imageTransfer,18
prepare remote,4
prepare remote,184
migrate dump,2528
totaltime,2734
imageTransfer,18
prepare remote,4
prepare remote,183
migrate dump,2528
totaltime,2733
imageTransfer,18
prepare remote,3
prepare remote,180
migrate dump,2539
totaltime,2740
imageTransfer,18
prepare remote,4
prepare remote,182
migrate dump,2528
totaltime,2732
imageTransfer,18
prepare remote,4
prepare remote,181
migrate dump,2537
totaltime,2740
imageTransfer,19
prepare remote,2
prepare remote,179
migrate dump,2491
totaltime,2691
imageTransfer,18
prepare remote,4
prepare remote,1175
migrate dump,2478
totaltime,3675
imageTransfer,15
prepare remote,3
prepare remote,198
migrate dump,2461
totaltime,2677
imageTransfer,17
prepare remote,5
prepare remote,184
migrate dump,2487
totaltime,2693
imageTransfer,18
prepare remote,4
prepare remote,176
migrate dump,2454
totaltime,2652
imageTransfer,17
prepare remote,4
prepare remote,176
migrate dump,2484
totaltime,2681
imageTransfer,19
prepare remote,4
prepare remote,180
migrate dump,2480
totaltime,2683
imageTransfer,18
prepare remote,3
prepare remote,180
migrate dump,2479
totaltime,2680
imageTransfer,18
prepare remote,4
prepare remote,183
migrate dump,2548
totaltime,2753
imageTransfer,18
prepare remote,4
prepare remote,181
migrate dump,2499
totaltime,2702
imageTransfer,18
prepare remote,3
prepare remote,179
migrate dump,2499
totaltime,2699
imageTransfer,18
prepare remote,4
prepare remote,183
migrate dump,2469
totaltime,2674
imageTransfer,19
prepare remote,4
prepare remote,184
migrate dump,2498
totaltime,2705
imageTransfer,16
prepare remote,3
prepare remote,182
migrate dump,2487
totaltime,2688
imageTransfer,18
prepare remote,3
prepare remote,179
migrate dump,2467
totaltime,2667
imageTransfer,18
prepare remote,4
prepare remote,181
migrate dump,2481
totaltime,2684
imageTransfer,18
prepare remote,3
prepare remote,182
migrate dump,2475
totaltime,2678
imageTransfer,19
prepare remote,4
prepare remote,182
migrate dump,2495
totaltime,2700
imageTransfer,18
prepare remote,5
prepare remote,176
migrate dump,2486
totaltime,2685
imageTransfer,18
prepare remote,5
prepare remote,180
migrate dump,2482
totaltime,2685
imageTransfer,16
prepare remote,4
prepare remote,180
migrate dump,2572
totaltime,2772
imageTransfer,18
prepare remote,4
prepare remote,178
migrate dump,2526
totaltime,2726
imageTransfer,18
prepare remote,3
prepare remote,179
migrate dump,2539
totaltime,2739
imageTransfer,17
prepare remote,5
prepare remote,183
migrate dump,2489
totaltime,2694
imageTransfer,16
prepare remote,5
prepare remote,188
migrate dump,2673
totaltime,2882
imageTransfer,18
prepare remote,4
prepare remote,177
migrate dump,2504
totaltime,2703
imageTransfer,18
prepare remote,4
prepare remote,183
migrate dump,2469
totaltime,2674
imageTransfer,18
prepare remote,4
prepare remote,183
migrate dump,2493
totaltime,2698
imageTransfer,18
prepare remote,4
prepare remote,203
migrate dump,2521
totaltime,2746
imageTransfer,18
prepare remote,5
prepare remote,181
migrate dump,2489
totaltime,2693
imageTransfer,17
prepare remote,4
prepare remote,182
migrate dump,2463
totaltime,2666
imageTransfer,19
prepare remote,4
prepare remote,315
migrate dump,2519
totaltime,2857
imageTransfer,16
prepare remote,3
prepare remote,194
migrate dump,2471
totaltime,2684
imageTransfer,18
prepare remote,5
prepare remote,193
migrate dump,2538
totaltime,2754
imageTransfer,17
prepare remote,4
prepare remote,191
migrate dump,2482
totaltime,2694
imageTransfer,19
prepare remote,4
prepare remote,195
migrate dump,2492
totaltime,2710
imageTransfer,17
prepare remote,4
prepare remote,197
migrate dump,2508
totaltime,2726
imageTransfer,18
prepare remote,4
prepare remote,200
migrate dump,2473
totaltime,2695
imageTransfer,16
prepare remote,4
prepare remote,194
migrate dump,2491
totaltime,2705
imageTransfer,18
prepare remote,3
prepare remote,185
migrate dump,2484
totaltime,2690
imageTransfer,18
prepare remote,5
prepare remote,560
migrate dump,2624
totaltime,3207
imageTransfer,16
prepare remote,4
prepare remote,47629
migrate dump,2552
totaltime,50201
imageTransfer,17
prepare remote,5
prepare remote,225
migrate dump,2482
totaltime,2729
imageTransfer,17
prepare remote,4
prepare remote,2418
migrate dump,2505
totaltime,4944
imageTransfer,130
found option,42
prepare remote,1
found option,279
prepare remote,2
migrate dump,3294
totaltime,3748
